This file contains any messages produced by compilers while
running configure, to aid debugging if configure makes a mistake.

It was created by libantlr3c configure 3.1.3, which was
generated by GNU Autoconf 2.63.  Invocation command line was

  $ ./configure --enable-64bit

## --------- ##
## Platform. ##
## --------- ##

hostname = Altair
uname -m = x86_64
uname -r = 5.4.0-66-generic
uname -s = Linux
uname -v = #74~18.04.2-Ubuntu SMP Fri Feb 5 11:17:31 UTC 2021

/usr/bin/uname -p = unknown
/bin/uname -X     = unknown

/bin/arch              = unknown
/usr/bin/arch -k       = unknown
/usr/convex/getsysinfo = unknown
/usr/bin/hostinfo      = unknown
/bin/machine           = unknown
/usr/bin/oslevel       = unknown
/bin/universe          = unknown

PATH: /data/programming/tools/anaconda3/condabin
PATH: .
PATH: /usr/local/sbin
PATH: /usr/local/bin
PATH: /usr/sbin
PATH: /usr/bin
PATH: /sbin
PATH: /bin
PATH: /usr/games
PATH: /usr/local/games
PATH: /snap/bin


## ----------- ##
## Core tests. ##
## ----------- ##

configure:2203: checking for a BSD-compatible install
configure:2271: result: /usr/bin/install -c
configure:2282: checking whether build environment is sane
configure:2325: result: yes
configure:2350: checking for a thread-safe mkdir -p
configure:2389: result: /bin/mkdir -p
configure:2402: checking for gawk
configure:2418: found /usr/bin/gawk
configure:2429: result: gawk
configure:2440: checking whether make sets $(MAKE)
configure:2462: result: yes
configure:2706: checking for xlc
configure:2736: result: no
configure:2706: checking for aCC
configure:2736: result: no
configure:2706: checking for gcc
configure:2722: found /usr/bin/gcc
configure:2733: result: gcc
configure:2767: checking for C compiler version
configure:2775: gcc --version >&5
gcc (Ubuntu 7.5.0-3ubuntu1~18.04) 7.5.0
Copyright (C) 2017 Free Software Foundation, Inc.
This is free software; see the source for copying conditions.  There is NO
warranty; not even for MERCHANTABILITY or FITNESS FOR A PARTICULAR PURPOSE.

configure:2779: $? = 0
configure:2786: gcc -v >&5
Using built-in specs.
COLLECT_GCC=gcc
COLLECT_LTO_WRAPPER=/usr/lib/gcc/x86_64-linux-gnu/7/lto-wrapper
OFFLOAD_TARGET_NAMES=nvptx-none
OFFLOAD_TARGET_DEFAULT=1
Target: x86_64-linux-gnu
Configured with: ../src/configure -v --with-pkgversion='Ubuntu 7.5.0-3ubuntu1~18.04' --with-bugurl=file:///usr/share/doc/gcc-7/README.Bugs --enable-languages=c,ada,c++,go,brig,d,fortran,objc,obj-c++ --prefix=/usr --with-gcc-major-version-only --program-suffix=-7 --program-prefix=x86_64-linux-gnu- --enable-shared --enable-linker-build-id --libexecdir=/usr/lib --without-included-gettext --enable-threads=posix --libdir=/usr/lib --enable-nls --enable-bootstrap --enable-clocale=gnu --enable-libstdcxx-debug --enable-libstdcxx-time=yes --with-default-libstdcxx-abi=new --enable-gnu-unique-object --disable-vtable-verify --enable-libmpx --enable-plugin --enable-default-pie --with-system-zlib --with-target-system-zlib --enable-objc-gc=auto --enable-multiarch --disable-werror --with-arch-32=i686 --with-abi=m64 --with-multilib-list=m32,m64,mx32 --enable-multilib --with-tune=generic --enable-offload-targets=nvptx-none --without-cuda-driver --enable-checking=release --build=x86_64-linux-gnu --host=x86_64-linux-gnu --target=x86_64-linux-gnu
Thread model: posix
gcc version 7.5.0 (Ubuntu 7.5.0-3ubuntu1~18.04) 
configure:2790: $? = 0
configure:2797: gcc -V >&5
gcc: error: unrecognized command line option '-V'
gcc: fatal error: no input files
compilation terminated.
configure:2801: $? = 1
configure:2824: checking for C compiler default output file name
configure:2846: gcc    conftest.c  >&5
configure:2850: $? = 0
configure:2888: result: a.out
configure:2907: checking whether the C compiler works
configure:2917: ./a.out
configure:2921: $? = 0
configure:2940: result: yes
configure:2947: checking whether we are cross compiling
configure:2949: result: no
configure:2952: checking for suffix of executables
configure:2959: gcc -o conftest    conftest.c  >&5
configure:2963: $? = 0
configure:2989: result: 
configure:2995: checking for suffix of object files
configure:3021: gcc -c   conftest.c >&5
configure:3025: $? = 0
configure:3050: result: o
configure:3054: checking whether we are using the GNU C compiler
configure:3083: gcc -c   conftest.c >&5
configure:3090: $? = 0
configure:3107: result: yes
configure:3116: checking whether gcc accepts -g
configure:3146: gcc -c -g  conftest.c >&5
configure:3153: $? = 0
configure:3254: result: yes
configure:3271: checking for gcc option to accept ISO C89
configure:3345: gcc  -c -g -O2  conftest.c >&5
configure:3352: $? = 0
configure:3375: result: none needed
configure:3404: checking for style of include used by make
configure:3432: result: GNU
configure:3457: checking dependency style of gcc
configure:3548: result: gcc3
configure:3563: checking whether to enable maintainer-specific portions of Makefiles
configure:3572: result: no
configure:3663: checking build system type
configure:3681: result: x86_64-unknown-linux-gnu
configure:3703: checking host system type
configure:3718: result: x86_64-unknown-linux-gnu
configure:3740: checking for a sed that does not truncate output
configure:3796: result: /bin/sed
configure:3799: checking for grep that handles long lines and -e
configure:3859: result: /bin/grep
configure:3864: checking for egrep
configure:3928: result: /bin/grep -E
configure:3944: checking for ld used by gcc
configure:4011: result: /usr/bin/ld
configure:4020: checking if the linker (/usr/bin/ld) is GNU ld
configure:4035: result: yes
configure:4040: checking for /usr/bin/ld option to reload object files
configure:4047: result: -r
configure:4065: checking for BSD-compatible nm
configure:4114: result: /usr/bin/nm -B
configure:4118: checking whether ln -s works
configure:4122: result: yes
configure:4129: checking how to recognize dependent libraries
configure:4315: result: pass_all
configure:4404: gcc -c -g -O2  conftest.c >&5
configure:4407: $? = 0
configure:4564: checking how to run the C preprocessor
configure:4604: gcc -E  conftest.c
configure:4611: $? = 0
configure:4642: gcc -E  conftest.c
conftest.c:10:10: fatal error: ac_nonexistent.h: No such file or directory
 #include <ac_nonexistent.h>
          ^~~~~~~~~~~~~~~~~~
compilation terminated.
configure:4649: $? = 1
configure: failed program was:
| /* confdefs.h.  */
| #define PACKAGE_NAME "libantlr3c"
| #define PACKAGE_TARNAME "libantlr3c"
| #define PACKAGE_VERSION "3.1.3"
| #define PACKAGE_STRING "libantlr3c 3.1.3"
| #define PACKAGE_BUGREPORT "jimi@idle.ws"
| #define PACKAGE "libantlr3c"
| #define VERSION "3.1.3"
| /* end confdefs.h.  */
| #include <ac_nonexistent.h>
configure:4682: result: gcc -E
configure:4711: gcc -E  conftest.c
configure:4718: $? = 0
configure:4749: gcc -E  conftest.c
conftest.c:10:10: fatal error: ac_nonexistent.h: No such file or directory
 #include <ac_nonexistent.h>
          ^~~~~~~~~~~~~~~~~~
compilation terminated.
configure:4756: $? = 1
configure: failed program was:
| /* confdefs.h.  */
| #define PACKAGE_NAME "libantlr3c"
| #define PACKAGE_TARNAME "libantlr3c"
| #define PACKAGE_VERSION "3.1.3"
| #define PACKAGE_STRING "libantlr3c 3.1.3"
| #define PACKAGE_BUGREPORT "jimi@idle.ws"
| #define PACKAGE "libantlr3c"
| #define VERSION "3.1.3"
| /* end confdefs.h.  */
| #include <ac_nonexistent.h>
configure:4796: checking for ANSI C header files
configure:4826: gcc -c -g -O2  conftest.c >&5
configure:4833: $? = 0
configure:4932: gcc -o conftest -g -O2   conftest.c  >&5
configure:4936: $? = 0
configure:4942: ./conftest
configure:4946: $? = 0
configure:4964: result: yes
configure:4988: checking for sys/types.h
configure:5009: gcc -c -g -O2  conftest.c >&5
configure:5016: $? = 0
configure:5033: result: yes
configure:4988: checking for sys/stat.h
configure:5009: gcc -c -g -O2  conftest.c >&5
configure:5016: $? = 0
configure:5033: result: yes
configure:4988: checking for stdlib.h
configure:5009: gcc -c -g -O2  conftest.c >&5
configure:5016: $? = 0
configure:5033: result: yes
configure:4988: checking for string.h
configure:5009: gcc -c -g -O2  conftest.c >&5
configure:5016: $? = 0
configure:5033: result: yes
configure:4988: checking for memory.h
configure:5009: gcc -c -g -O2  conftest.c >&5
configure:5016: $? = 0
configure:5033: result: yes
configure:4988: checking for strings.h
configure:5009: gcc -c -g -O2  conftest.c >&5
configure:5016: $? = 0
configure:5033: result: yes
configure:4988: checking for inttypes.h
configure:5009: gcc -c -g -O2  conftest.c >&5
configure:5016: $? = 0
configure:5033: result: yes
configure:4988: checking for stdint.h
configure:5009: gcc -c -g -O2  conftest.c >&5
configure:5016: $? = 0
configure:5033: result: yes
configure:4988: checking for unistd.h
configure:5009: gcc -c -g -O2  conftest.c >&5
configure:5016: $? = 0
configure:5033: result: yes
configure:5063: checking dlfcn.h usability
configure:5080: gcc -c -g -O2  conftest.c >&5
configure:5087: $? = 0
configure:5101: result: yes
configure:5105: checking dlfcn.h presence
configure:5120: gcc -E  conftest.c
configure:5127: $? = 0
configure:5141: result: yes
configure:5174: checking for dlfcn.h
configure:5183: result: yes
configure:5256: checking for g++
configure:5272: found /usr/bin/g++
configure:5283: result: g++
configure:5310: checking for C++ compiler version
configure:5318: g++ --version >&5
g++ (Ubuntu 7.5.0-3ubuntu1~18.04) 7.5.0
Copyright (C) 2017 Free Software Foundation, Inc.
This is free software; see the source for copying conditions.  There is NO
warranty; not even for MERCHANTABILITY or FITNESS FOR A PARTICULAR PURPOSE.

configure:5322: $? = 0
configure:5329: g++ -v >&5
Using built-in specs.
COLLECT_GCC=g++
COLLECT_LTO_WRAPPER=/usr/lib/gcc/x86_64-linux-gnu/7/lto-wrapper
OFFLOAD_TARGET_NAMES=nvptx-none
OFFLOAD_TARGET_DEFAULT=1
Target: x86_64-linux-gnu
Configured with: ../src/configure -v --with-pkgversion='Ubuntu 7.5.0-3ubuntu1~18.04' --with-bugurl=file:///usr/share/doc/gcc-7/README.Bugs --enable-languages=c,ada,c++,go,brig,d,fortran,objc,obj-c++ --prefix=/usr --with-gcc-major-version-only --program-suffix=-7 --program-prefix=x86_64-linux-gnu- --enable-shared --enable-linker-build-id --libexecdir=/usr/lib --without-included-gettext --enable-threads=posix --libdir=/usr/lib --enable-nls --enable-bootstrap --enable-clocale=gnu --enable-libstdcxx-debug --enable-libstdcxx-time=yes --with-default-libstdcxx-abi=new --enable-gnu-unique-object --disable-vtable-verify --enable-libmpx --enable-plugin --enable-default-pie --with-system-zlib --with-target-system-zlib --enable-objc-gc=auto --enable-multiarch --disable-werror --with-arch-32=i686 --with-abi=m64 --with-multilib-list=m32,m64,mx32 --enable-multilib --with-tune=generic --enable-offload-targets=nvptx-none --without-cuda-driver --enable-checking=release --build=x86_64-linux-gnu --host=x86_64-linux-gnu --target=x86_64-linux-gnu
Thread model: posix
gcc version 7.5.0 (Ubuntu 7.5.0-3ubuntu1~18.04) 
configure:5333: $? = 0
configure:5340: g++ -V >&5
g++: error: unrecognized command line option '-V'
g++: fatal error: no input files
compilation terminated.
configure:5344: $? = 1
configure:5347: checking whether we are using the GNU C++ compiler
configure:5376: g++ -c   conftest.cpp >&5
configure:5383: $? = 0
configure:5400: result: yes
configure:5409: checking whether g++ accepts -g
configure:5439: g++ -c -g  conftest.cpp >&5
configure:5446: $? = 0
configure:5547: result: yes
configure:5572: checking dependency style of g++
configure:5663: result: gcc3
configure:5688: checking how to run the C++ preprocessor
configure:5724: g++ -E  conftest.cpp
configure:5731: $? = 0
configure:5762: g++ -E  conftest.cpp
conftest.cpp:21:10: fatal error: ac_nonexistent.h: No such file or directory
 #include <ac_nonexistent.h>
          ^~~~~~~~~~~~~~~~~~
compilation terminated.
configure:5769: $? = 1
configure: failed program was:
| /* confdefs.h.  */
| #define PACKAGE_NAME "libantlr3c"
| #define PACKAGE_TARNAME "libantlr3c"
| #define PACKAGE_VERSION "3.1.3"
| #define PACKAGE_STRING "libantlr3c 3.1.3"
| #define PACKAGE_BUGREPORT "jimi@idle.ws"
| #define PACKAGE "libantlr3c"
| #define VERSION "3.1.3"
| #define STDC_HEADERS 1
| #define HAVE_SYS_TYPES_H 1
| #define HAVE_SYS_STAT_H 1
| #define HAVE_STDLIB_H 1
| #define HAVE_STRING_H 1
| #define HAVE_MEMORY_H 1
| #define HAVE_STRINGS_H 1
| #define HAVE_INTTYPES_H 1
| #define HAVE_STDINT_H 1
| #define HAVE_UNISTD_H 1
| #define HAVE_DLFCN_H 1
| /* end confdefs.h.  */
| #include <ac_nonexistent.h>
configure:5802: result: g++ -E
configure:5831: g++ -E  conftest.cpp
configure:5838: $? = 0
configure:5869: g++ -E  conftest.cpp
conftest.cpp:21:10: fatal error: ac_nonexistent.h: No such file or directory
 #include <ac_nonexistent.h>
          ^~~~~~~~~~~~~~~~~~
compilation terminated.
configure:5876: $? = 1
configure: failed program was:
| /* confdefs.h.  */
| #define PACKAGE_NAME "libantlr3c"
| #define PACKAGE_TARNAME "libantlr3c"
| #define PACKAGE_VERSION "3.1.3"
| #define PACKAGE_STRING "libantlr3c 3.1.3"
| #define PACKAGE_BUGREPORT "jimi@idle.ws"
| #define PACKAGE "libantlr3c"
| #define VERSION "3.1.3"
| #define STDC_HEADERS 1
| #define HAVE_SYS_TYPES_H 1
| #define HAVE_SYS_STAT_H 1
| #define HAVE_STDLIB_H 1
| #define HAVE_STRING_H 1
| #define HAVE_MEMORY_H 1
| #define HAVE_STRINGS_H 1
| #define HAVE_INTTYPES_H 1
| #define HAVE_STDINT_H 1
| #define HAVE_UNISTD_H 1
| #define HAVE_DLFCN_H 1
| /* end confdefs.h.  */
| #include <ac_nonexistent.h>
configure:5971: checking for g77
configure:6001: result: no
configure:5971: checking for xlf
configure:6001: result: no
configure:5971: checking for f77
configure:6001: result: no
configure:5971: checking for frt
configure:6001: result: no
configure:5971: checking for pgf77
configure:6001: result: no
configure:5971: checking for cf77
configure:6001: result: no
configure:5971: checking for fort77
configure:6001: result: no
configure:5971: checking for fl32
configure:6001: result: no
configure:5971: checking for af77
configure:6001: result: no
configure:5971: checking for xlf90
configure:6001: result: no
configure:5971: checking for f90
configure:6001: result: no
configure:5971: checking for pgf90
configure:6001: result: no
configure:5971: checking for pghpf
configure:6001: result: no
configure:5971: checking for epcf90
configure:6001: result: no
configure:5971: checking for gfortran
configure:6001: result: no
configure:5971: checking for g95
configure:6001: result: no
configure:5971: checking for xlf95
configure:6001: result: no
configure:5971: checking for f95
configure:6001: result: no
configure:5971: checking for fort
configure:6001: result: no
configure:5971: checking for ifort
configure:6001: result: no
configure:5971: checking for ifc
configure:6001: result: no
configure:5971: checking for efc
configure:6001: result: no
configure:5971: checking for pgf95
configure:6001: result: no
configure:5971: checking for lf95
configure:6001: result: no
configure:5971: checking for ftn
configure:6001: result: no
configure:6024: checking for Fortran 77 compiler version
configure:6032:  --version >&5
./configure: line 6034: --version: command not found
configure:6036: $? = 127
configure:6043:  -v >&5
./configure: line 6045: -v: command not found
configure:6047: $? = 127
configure:6054:  -V >&5
./configure: line 6056: -V: command not found
configure:6058: $? = 127
configure:6066: checking whether we are using the GNU Fortran 77 compiler
configure:6085:  -c  conftest.F >&5
./configure: line 6087: -c: command not found
configure:6092: $? = 127
configure: failed program was:
|       program main
| #ifndef __GNUC__
|        choke me
| #endif
| 
|       end
configure:6109: result: no
configure:6115: checking whether  accepts -g
configure:6132:  -c -g conftest.f >&5
./configure: line 6134: -c: command not found
configure:6139: $? = 127
configure: failed program was:
|       program main
| 
|       end
configure:6155: result: no
configure:6188: checking the maximum length of command line arguments
configure:6300: result: 1572864
configure:6312: checking command to parse /usr/bin/nm -B output from gcc object
configure:6417: gcc -c -g -O2  conftest.c >&5
configure:6420: $? = 0
configure:6424: /usr/bin/nm -B conftest.o \| sed -n -e 's/^.*[ 	]\([ABCDGIRSTW][ABCDGIRSTW]*\)[ 	][ 	]*\([_A-Za-z][_A-Za-z0-9]*\)$/\1 \2 \2/p' \> conftest.nm
configure:6427: $? = 0
configure:6479: gcc -o conftest -g -O2   conftest.c conftstm.o >&5
configure:6482: $? = 0
configure:6520: result: ok
configure:6524: checking for objdir
configure:6539: result: .libs
configure:6631: checking for ar
configure:6647: found /usr/bin/ar
configure:6658: result: ar
configure:6723: checking for ranlib
configure:6739: found /usr/bin/ranlib
configure:6750: result: ranlib
configure:6815: checking for strip
configure:6831: found /usr/bin/strip
configure:6842: result: strip
configure:7432: checking if gcc supports -fno-rtti -fno-exceptions
configure:7450: gcc -c -g -O2  -fno-rtti -fno-exceptions conftest.c >&5
cc1: warning: command line option '-fno-rtti' is valid for C++/ObjC++ but not for C
configure:7454: $? = 0
configure:7467: result: no
configure:7482: checking for gcc option to produce PIC
configure:7714: result: -fPIC
configure:7722: checking if gcc PIC flag -fPIC works
configure:7740: gcc -c -g -O2  -fPIC -DPIC conftest.c >&5
configure:7744: $? = 0
configure:7757: result: yes
configure:7785: checking if gcc static flag -static works
configure:7813: result: yes
configure:7823: checking if gcc supports -c -o file.o
configure:7844: gcc -c -g -O2  -o out/conftest2.o conftest.c >&5
configure:7848: $? = 0
configure:7870: result: yes
configure:7896: checking whether the gcc linker (/usr/bin/ld -m elf_x86_64) supports shared libraries
configure:8885: result: yes
configure:8906: checking whether -lc should be explicitly linked in
configure:8911: gcc -c -g -O2  conftest.c >&5
configure:8914: $? = 0
configure:8929: gcc -shared conftest.o  -v -Wl,-soname -Wl,conftest -o conftest 2\>\&1 \| grep  -lc  \>/dev/null 2\>\&1
configure:8932: $? = 0
configure:8944: result: no
configure:8952: checking dynamic linker characteristics
configure:9367: gcc -c -g -O2  conftest.c >&5
configure:9370: $? = 0
configure:9576: result: GNU/Linux ld.so
configure:9600: checking how to hardcode library paths into programs
configure:9625: result: immediate
configure:9639: checking whether stripping libraries is possible
configure:9644: result: yes
configure:10474: checking if libtool supports shared libraries
configure:10476: result: yes
configure:10479: checking whether to build shared libraries
configure:10500: result: yes
configure:10503: checking whether to build static libraries
configure:10507: result: yes
configure:10601: creating libtool
configure:11194: checking for ld used by g++
configure:11261: result: /usr/bin/ld -m elf_x86_64
configure:11270: checking if the linker (/usr/bin/ld -m elf_x86_64) is GNU ld
configure:11285: result: yes
configure:11336: checking whether the g++ linker (/usr/bin/ld -m elf_x86_64) supports shared libraries
configure:12290: result: yes
configure:12307: g++ -c -g -O2  conftest.cpp >&5
configure:12310: $? = 0
configure:12466: checking for g++ option to produce PIC
configure:12750: result: -fPIC
configure:12758: checking if g++ PIC flag -fPIC works
configure:12776: g++ -c -g -O2  -fPIC -DPIC conftest.cpp >&5
configure:12780: $? = 0
configure:12793: result: yes
configure:12821: checking if g++ static flag -static works
configure:12849: result: yes
configure:12859: checking if g++ supports -c -o file.o
configure:12880: g++ -c -g -O2  -o out/conftest2.o conftest.cpp >&5
configure:12884: $? = 0
configure:12906: result: yes
configure:12932: checking whether the g++ linker (/usr/bin/ld -m elf_x86_64) supports shared libraries
configure:12961: result: yes
configure:13028: checking dynamic linker characteristics
configure:13391: g++ -c -g -O2  conftest.cpp >&5
configure:13394: $? = 0
configure:13600: result: GNU/Linux ld.so
configure:13624: checking how to hardcode library paths into programs
configure:13649: result: immediate
configure:19940: checking build system type
configure:19958: result: x86_64-unknown-linux-gnu
configure:19980: checking host system type
configure:19995: result: x86_64-unknown-linux-gnu
configure:20020: checking compiler flags required for compiling ANTLR with gcc C compiler on host x86_64-unknown-linux-gnu
configure:20094: result: -m64  -O2  -Wall
configure:20129: checking for a BSD-compatible install
configure:20197: result: /usr/bin/install -c
configure:20208: checking whether ln -s works
configure:20212: result: yes
configure:20219: checking whether make sets $(MAKE)
configure:20241: result: yes
configure:20263: checking for sys/types.h
configure:20319: result: yes
configure:20263: checking for netinet/in.h
configure:20295: gcc -c -m64  -O2  -Wall  conftest.c >&5
configure:20302: $? = 0
configure:20319: result: yes
configure:20263: checking for arpa/nameser.h
configure:20295: gcc -c -m64  -O2  -Wall  conftest.c >&5
configure:20302: $? = 0
configure:20319: result: yes
configure:20263: checking for netdb.h
configure:20295: gcc -c -m64  -O2  -Wall  conftest.c >&5
configure:20302: $? = 0
configure:20319: result: yes
configure:20263: checking for resolv.h
configure:20295: gcc -c -m64  -O2  -Wall  conftest.c >&5
configure:20302: $? = 0
configure:20319: result: yes
configure:20338: checking for sys/malloc.h
configure:20365: gcc -c -m64  -O2  -Wall  conftest.c >&5
conftest.c:35:10: fatal error: sys/malloc.h: No such file or directory
 #include <sys/malloc.h>
          ^~~~~~~~~~~~~~
compilation terminated.
configure:20372: $? = 1
configure: failed program was:
| /* confdefs.h.  */
| #define PACKAGE_NAME "libantlr3c"
| #define PACKAGE_TARNAME "libantlr3c"
| #define PACKAGE_VERSION "3.1.3"
| #define PACKAGE_STRING "libantlr3c 3.1.3"
| #define PACKAGE_BUGREPORT "jimi@idle.ws"
| #define PACKAGE "libantlr3c"
| #define VERSION "3.1.3"
| #define STDC_HEADERS 1
| #define HAVE_SYS_TYPES_H 1
| #define HAVE_SYS_STAT_H 1
| #define HAVE_STDLIB_H 1
| #define HAVE_STRING_H 1
| #define HAVE_MEMORY_H 1
| #define HAVE_STRINGS_H 1
| #define HAVE_INTTYPES_H 1
| #define HAVE_STDINT_H 1
| #define HAVE_UNISTD_H 1
| #define HAVE_DLFCN_H 1
| #define ANTLR3_USE_64BIT 1
| #define HAVE_SYS_TYPES_H 1
| #define HAVE_NETINET_IN_H 1
| #define HAVE_ARPA_NAMESER_H 1
| #define HAVE_NETDB_H 1
| #define HAVE_RESOLV_H 1
| /* end confdefs.h.  */
| #ifdef HAVE_SYS_MALLOC_H
| #include <sys/malloc.h>
| #endif
| #ifdef HAVE_MALLOC_H
| #include <malloc.h>
| #endif
| 
| 
| #include <sys/malloc.h>
configure:20389: result: no
configure:20338: checking for malloc.h
configure:20365: gcc -c -m64  -O2  -Wall  conftest.c >&5
configure:20372: $? = 0
configure:20389: result: yes
configure:20406: checking for stdarg.h
configure:20430: gcc -c -m64  -O2  -Wall  conftest.c >&5
configure:20437: $? = 0
configure:20454: result: yes
configure:20472: checking for sys/stat.h
configure:20520: result: yes
configure:20538: checking for ctype.h
configure:20562: gcc -c -m64  -O2  -Wall  conftest.c >&5
configure:20569: $? = 0
configure:20586: result: yes
configure:20604: checking for netinet/tcp.h
configure:20628: gcc -c -m64  -O2  -Wall  conftest.c >&5
configure:20635: $? = 0
configure:20652: result: yes
configure:20671: checking for sys/socket.h
configure:20698: gcc -c -m64  -O2  -Wall  conftest.c >&5
configure:20705: $? = 0
configure:20722: result: yes
configure:20671: checking for socket.h
configure:20698: gcc -c -m64  -O2  -Wall  conftest.c >&5
conftest.c:41:10: fatal error: socket.h: No such file or directory
 #include <socket.h>
          ^~~~~~~~~~
compilation terminated.
configure:20705: $? = 1
configure: failed program was:
| /* confdefs.h.  */
| #define PACKAGE_NAME "libantlr3c"
| #define PACKAGE_TARNAME "libantlr3c"
| #define PACKAGE_VERSION "3.1.3"
| #define PACKAGE_STRING "libantlr3c 3.1.3"
| #define PACKAGE_BUGREPORT "jimi@idle.ws"
| #define PACKAGE "libantlr3c"
| #define VERSION "3.1.3"
| #define STDC_HEADERS 1
| #define HAVE_SYS_TYPES_H 1
| #define HAVE_SYS_STAT_H 1
| #define HAVE_STDLIB_H 1
| #define HAVE_STRING_H 1
| #define HAVE_MEMORY_H 1
| #define HAVE_STRINGS_H 1
| #define HAVE_INTTYPES_H 1
| #define HAVE_STDINT_H 1
| #define HAVE_UNISTD_H 1
| #define HAVE_DLFCN_H 1
| #define ANTLR3_USE_64BIT 1
| #define HAVE_SYS_TYPES_H 1
| #define HAVE_NETINET_IN_H 1
| #define HAVE_ARPA_NAMESER_H 1
| #define HAVE_NETDB_H 1
| #define HAVE_RESOLV_H 1
| #define HAVE_MALLOC_H 1
| #define HAVE_STDARG_H 1
| #define HAVE_SYS_STAT_H 1
| #define HAVE_CTYPE_H 1
| #define HAVE_NETINET_TCP_H 1
| #define HAVE_SYS_SOCKET_H 1
| /* end confdefs.h.  */
| #ifdef HAVE_SYS_SOCKET_H
| #include <sys/socket.h>
| #endif
| #ifdef HAVE_SOCKET_H
| #include <socket.h>
| #endif
| 
| 
| #include <socket.h>
configure:20722: result: no
configure:20737: checking for an ANSI C-conforming const
configure:20812: gcc -c -m64  -O2  -Wall  conftest.c >&5
conftest.c: In function 'main':
conftest.c:62:7: warning: 't' is used uninitialized in this function [-Wuninitialized]
     *t++ = 0;
      ~^~
conftest.c:84:13: warning: 'cs[0]' is used uninitialized in this function [-Wuninitialized]
   return !cs[0] && !zero.x;
           ~~^~~
configure:20819: $? = 0
configure:20834: result: yes
configure:20844: checking for size_t
configure:20872: gcc -c -m64  -O2  -Wall  conftest.c >&5
configure:20879: $? = 0
configure:20906: gcc -c -m64  -O2  -Wall  conftest.c >&5
conftest.c: In function 'main':
conftest.c:69:21: error: expected expression before ')' token
 if (sizeof ((size_t)))
                     ^
configure:20913: $? = 1
configure: failed program was:
| /* confdefs.h.  */
| #define PACKAGE_NAME "libantlr3c"
| #define PACKAGE_TARNAME "libantlr3c"
| #define PACKAGE_VERSION "3.1.3"
| #define PACKAGE_STRING "libantlr3c 3.1.3"
| #define PACKAGE_BUGREPORT "jimi@idle.ws"
| #define PACKAGE "libantlr3c"
| #define VERSION "3.1.3"
| #define STDC_HEADERS 1
| #define HAVE_SYS_TYPES_H 1
| #define HAVE_SYS_STAT_H 1
| #define HAVE_STDLIB_H 1
| #define HAVE_STRING_H 1
| #define HAVE_MEMORY_H 1
| #define HAVE_STRINGS_H 1
| #define HAVE_INTTYPES_H 1
| #define HAVE_STDINT_H 1
| #define HAVE_UNISTD_H 1
| #define HAVE_DLFCN_H 1
| #define ANTLR3_USE_64BIT 1
| #define HAVE_SYS_TYPES_H 1
| #define HAVE_NETINET_IN_H 1
| #define HAVE_ARPA_NAMESER_H 1
| #define HAVE_NETDB_H 1
| #define HAVE_RESOLV_H 1
| #define HAVE_MALLOC_H 1
| #define HAVE_STDARG_H 1
| #define HAVE_SYS_STAT_H 1
| #define HAVE_CTYPE_H 1
| #define HAVE_NETINET_TCP_H 1
| #define HAVE_SYS_SOCKET_H 1
| /* end confdefs.h.  */
| #include <stdio.h>
| #ifdef HAVE_SYS_TYPES_H
| # include <sys/types.h>
| #endif
| #ifdef HAVE_SYS_STAT_H
| # include <sys/stat.h>
| #endif
| #ifdef STDC_HEADERS
| # include <stdlib.h>
| # include <stddef.h>
| #else
| # ifdef HAVE_STDLIB_H
| #  include <stdlib.h>
| # endif
| #endif
| #ifdef HAVE_STRING_H
| # if !defined STDC_HEADERS && defined HAVE_MEMORY_H
| #  include <memory.h>
| # endif
| # include <string.h>
| #endif
| #ifdef HAVE_STRINGS_H
| # include <strings.h>
| #endif
| #ifdef HAVE_INTTYPES_H
| # include <inttypes.h>
| #endif
| #ifdef HAVE_STDINT_H
| # include <stdint.h>
| #endif
| #ifdef HAVE_UNISTD_H
| # include <unistd.h>
| #endif
| int
| main ()
| {
| if (sizeof ((size_t)))
| 	  return 0;
|   ;
|   return 0;
| }
configure:20936: result: yes
configure:20949: checking for int8_t
configure:20980: gcc -c -m64  -O2  -Wall  conftest.c >&5
conftest.c: In function 'main':
conftest.c:69:12: warning: variable 'test_array' set but not used [-Wunused-but-set-variable]
 static int test_array [1 - 2 * !(0 < (int8_t) ((((int8_t) 1 << (8 - 2)) - 1) * 2 + 1))];
            ^~~~~~~~~~
configure:20987: $? = 0
configure:21016: gcc -c -m64  -O2  -Wall  conftest.c >&5
conftest.c: In function 'main':
conftest.c:69:12: error: size of array 'test_array' is negative
 static int test_array [1 - 2 * !((int8_t) ((((int8_t) 1 << (8 - 2)) - 1) * 2 + 1)
            ^~~~~~~~~~
conftest.c:69:12: warning: variable 'test_array' set but not used [-Wunused-but-set-variable]
configure:21023: $? = 1
configure: failed program was:
| /* confdefs.h.  */
| #define PACKAGE_NAME "libantlr3c"
| #define PACKAGE_TARNAME "libantlr3c"
| #define PACKAGE_VERSION "3.1.3"
| #define PACKAGE_STRING "libantlr3c 3.1.3"
| #define PACKAGE_BUGREPORT "jimi@idle.ws"
| #define PACKAGE "libantlr3c"
| #define VERSION "3.1.3"
| #define STDC_HEADERS 1
| #define HAVE_SYS_TYPES_H 1
| #define HAVE_SYS_STAT_H 1
| #define HAVE_STDLIB_H 1
| #define HAVE_STRING_H 1
| #define HAVE_MEMORY_H 1
| #define HAVE_STRINGS_H 1
| #define HAVE_INTTYPES_H 1
| #define HAVE_STDINT_H 1
| #define HAVE_UNISTD_H 1
| #define HAVE_DLFCN_H 1
| #define ANTLR3_USE_64BIT 1
| #define HAVE_SYS_TYPES_H 1
| #define HAVE_NETINET_IN_H 1
| #define HAVE_ARPA_NAMESER_H 1
| #define HAVE_NETDB_H 1
| #define HAVE_RESOLV_H 1
| #define HAVE_MALLOC_H 1
| #define HAVE_STDARG_H 1
| #define HAVE_SYS_STAT_H 1
| #define HAVE_CTYPE_H 1
| #define HAVE_NETINET_TCP_H 1
| #define HAVE_SYS_SOCKET_H 1
| /* end confdefs.h.  */
| #include <stdio.h>
| #ifdef HAVE_SYS_TYPES_H
| # include <sys/types.h>
| #endif
| #ifdef HAVE_SYS_STAT_H
| # include <sys/stat.h>
| #endif
| #ifdef STDC_HEADERS
| # include <stdlib.h>
| # include <stddef.h>
| #else
| # ifdef HAVE_STDLIB_H
| #  include <stdlib.h>
| # endif
| #endif
| #ifdef HAVE_STRING_H
| # if !defined STDC_HEADERS && defined HAVE_MEMORY_H
| #  include <memory.h>
| # endif
| # include <string.h>
| #endif
| #ifdef HAVE_STRINGS_H
| # include <strings.h>
| #endif
| #ifdef HAVE_INTTYPES_H
| # include <inttypes.h>
| #endif
| #ifdef HAVE_STDINT_H
| # include <stdint.h>
| #endif
| #ifdef HAVE_UNISTD_H
| # include <unistd.h>
| #endif
| int
| main ()
| {
| static int test_array [1 - 2 * !((int8_t) ((((int8_t) 1 << (8 - 2)) - 1) * 2 + 1)
| 		 < (int8_t) ((((int8_t) 1 << (8 - 2)) - 1) * 2 + 2))];
| test_array [0] = 0
| 
|   ;
|   return 0;
| }
configure:21052: result: yes
configure:21065: checking for int16_t
configure:21096: gcc -c -m64  -O2  -Wall  conftest.c >&5
conftest.c: In function 'main':
conftest.c:69:12: warning: variable 'test_array' set but not used [-Wunused-but-set-variable]
 static int test_array [1 - 2 * !(0 < (int16_t) ((((int16_t) 1 << (16 - 2)) - 1) * 2 + 1))];
            ^~~~~~~~~~
configure:21103: $? = 0
configure:21132: gcc -c -m64  -O2  -Wall  conftest.c >&5
conftest.c: In function 'main':
conftest.c:69:12: error: size of array 'test_array' is negative
 static int test_array [1 - 2 * !((int16_t) ((((int16_t) 1 << (16 - 2)) - 1) * 2 + 1)
            ^~~~~~~~~~
conftest.c:69:12: warning: variable 'test_array' set but not used [-Wunused-but-set-variable]
configure:21139: $? = 1
configure: failed program was:
| /* confdefs.h.  */
| #define PACKAGE_NAME "libantlr3c"
| #define PACKAGE_TARNAME "libantlr3c"
| #define PACKAGE_VERSION "3.1.3"
| #define PACKAGE_STRING "libantlr3c 3.1.3"
| #define PACKAGE_BUGREPORT "jimi@idle.ws"
| #define PACKAGE "libantlr3c"
| #define VERSION "3.1.3"
| #define STDC_HEADERS 1
| #define HAVE_SYS_TYPES_H 1
| #define HAVE_SYS_STAT_H 1
| #define HAVE_STDLIB_H 1
| #define HAVE_STRING_H 1
| #define HAVE_MEMORY_H 1
| #define HAVE_STRINGS_H 1
| #define HAVE_INTTYPES_H 1
| #define HAVE_STDINT_H 1
| #define HAVE_UNISTD_H 1
| #define HAVE_DLFCN_H 1
| #define ANTLR3_USE_64BIT 1
| #define HAVE_SYS_TYPES_H 1
| #define HAVE_NETINET_IN_H 1
| #define HAVE_ARPA_NAMESER_H 1
| #define HAVE_NETDB_H 1
| #define HAVE_RESOLV_H 1
| #define HAVE_MALLOC_H 1
| #define HAVE_STDARG_H 1
| #define HAVE_SYS_STAT_H 1
| #define HAVE_CTYPE_H 1
| #define HAVE_NETINET_TCP_H 1
| #define HAVE_SYS_SOCKET_H 1
| /* end confdefs.h.  */
| #include <stdio.h>
| #ifdef HAVE_SYS_TYPES_H
| # include <sys/types.h>
| #endif
| #ifdef HAVE_SYS_STAT_H
| # include <sys/stat.h>
| #endif
| #ifdef STDC_HEADERS
| # include <stdlib.h>
| # include <stddef.h>
| #else
| # ifdef HAVE_STDLIB_H
| #  include <stdlib.h>
| # endif
| #endif
| #ifdef HAVE_STRING_H
| # if !defined STDC_HEADERS && defined HAVE_MEMORY_H
| #  include <memory.h>
| # endif
| # include <string.h>
| #endif
| #ifdef HAVE_STRINGS_H
| # include <strings.h>
| #endif
| #ifdef HAVE_INTTYPES_H
| # include <inttypes.h>
| #endif
| #ifdef HAVE_STDINT_H
| # include <stdint.h>
| #endif
| #ifdef HAVE_UNISTD_H
| # include <unistd.h>
| #endif
| int
| main ()
| {
| static int test_array [1 - 2 * !((int16_t) ((((int16_t) 1 << (16 - 2)) - 1) * 2 + 1)
| 		 < (int16_t) ((((int16_t) 1 << (16 - 2)) - 1) * 2 + 2))];
| test_array [0] = 0
| 
|   ;
|   return 0;
| }
configure:21168: result: yes
configure:21181: checking for int32_t
configure:21212: gcc -c -m64  -O2  -Wall  conftest.c >&5
conftest.c: In function 'main':
conftest.c:69:12: warning: variable 'test_array' set but not used [-Wunused-but-set-variable]
 static int test_array [1 - 2 * !(0 < (int32_t) ((((int32_t) 1 << (32 - 2)) - 1) * 2 + 1))];
            ^~~~~~~~~~
configure:21219: $? = 0
configure:21248: gcc -c -m64  -O2  -Wall  conftest.c >&5
conftest.c: In function 'main':
conftest.c:70:53: warning: integer overflow in expression [-Woverflow]
    < (int32_t) ((((int32_t) 1 << (32 - 2)) - 1) * 2 + 2))];
                                                     ^
conftest.c:69:12: error: storage size of 'test_array' isn't constant
 static int test_array [1 - 2 * !((int32_t) ((((int32_t) 1 << (32 - 2)) - 1) * 2 + 1)
            ^~~~~~~~~~
conftest.c:69:12: warning: unused variable 'test_array' [-Wunused-variable]
configure:21255: $? = 1
configure: failed program was:
| /* confdefs.h.  */
| #define PACKAGE_NAME "libantlr3c"
| #define PACKAGE_TARNAME "libantlr3c"
| #define PACKAGE_VERSION "3.1.3"
| #define PACKAGE_STRING "libantlr3c 3.1.3"
| #define PACKAGE_BUGREPORT "jimi@idle.ws"
| #define PACKAGE "libantlr3c"
| #define VERSION "3.1.3"
| #define STDC_HEADERS 1
| #define HAVE_SYS_TYPES_H 1
| #define HAVE_SYS_STAT_H 1
| #define HAVE_STDLIB_H 1
| #define HAVE_STRING_H 1
| #define HAVE_MEMORY_H 1
| #define HAVE_STRINGS_H 1
| #define HAVE_INTTYPES_H 1
| #define HAVE_STDINT_H 1
| #define HAVE_UNISTD_H 1
| #define HAVE_DLFCN_H 1
| #define ANTLR3_USE_64BIT 1
| #define HAVE_SYS_TYPES_H 1
| #define HAVE_NETINET_IN_H 1
| #define HAVE_ARPA_NAMESER_H 1
| #define HAVE_NETDB_H 1
| #define HAVE_RESOLV_H 1
| #define HAVE_MALLOC_H 1
| #define HAVE_STDARG_H 1
| #define HAVE_SYS_STAT_H 1
| #define HAVE_CTYPE_H 1
| #define HAVE_NETINET_TCP_H 1
| #define HAVE_SYS_SOCKET_H 1
| /* end confdefs.h.  */
| #include <stdio.h>
| #ifdef HAVE_SYS_TYPES_H
| # include <sys/types.h>
| #endif
| #ifdef HAVE_SYS_STAT_H
| # include <sys/stat.h>
| #endif
| #ifdef STDC_HEADERS
| # include <stdlib.h>
| # include <stddef.h>
| #else
| # ifdef HAVE_STDLIB_H
| #  include <stdlib.h>
| # endif
| #endif
| #ifdef HAVE_STRING_H
| # if !defined STDC_HEADERS && defined HAVE_MEMORY_H
| #  include <memory.h>
| # endif
| # include <string.h>
| #endif
| #ifdef HAVE_STRINGS_H
| # include <strings.h>
| #endif
| #ifdef HAVE_INTTYPES_H
| # include <inttypes.h>
| #endif
| #ifdef HAVE_STDINT_H
| # include <stdint.h>
| #endif
| #ifdef HAVE_UNISTD_H
| # include <unistd.h>
| #endif
| int
| main ()
| {
| static int test_array [1 - 2 * !((int32_t) ((((int32_t) 1 << (32 - 2)) - 1) * 2 + 1)
| 		 < (int32_t) ((((int32_t) 1 << (32 - 2)) - 1) * 2 + 2))];
| test_array [0] = 0
| 
|   ;
|   return 0;
| }
configure:21284: result: yes
configure:21297: checking for int64_t
configure:21328: gcc -c -m64  -O2  -Wall  conftest.c >&5
conftest.c: In function 'main':
conftest.c:69:12: warning: variable 'test_array' set but not used [-Wunused-but-set-variable]
 static int test_array [1 - 2 * !(0 < (int64_t) ((((int64_t) 1 << (64 - 2)) - 1) * 2 + 1))];
            ^~~~~~~~~~
configure:21335: $? = 0
configure:21364: gcc -c -m64  -O2  -Wall  conftest.c >&5
conftest.c: In function 'main':
conftest.c:70:53: warning: integer overflow in expression [-Woverflow]
    < (int64_t) ((((int64_t) 1 << (64 - 2)) - 1) * 2 + 2))];
                                                     ^
conftest.c:69:12: error: storage size of 'test_array' isn't constant
 static int test_array [1 - 2 * !((int64_t) ((((int64_t) 1 << (64 - 2)) - 1) * 2 + 1)
            ^~~~~~~~~~
conftest.c:69:12: warning: unused variable 'test_array' [-Wunused-variable]
configure:21371: $? = 1
configure: failed program was:
| /* confdefs.h.  */
| #define PACKAGE_NAME "libantlr3c"
| #define PACKAGE_TARNAME "libantlr3c"
| #define PACKAGE_VERSION "3.1.3"
| #define PACKAGE_STRING "libantlr3c 3.1.3"
| #define PACKAGE_BUGREPORT "jimi@idle.ws"
| #define PACKAGE "libantlr3c"
| #define VERSION "3.1.3"
| #define STDC_HEADERS 1
| #define HAVE_SYS_TYPES_H 1
| #define HAVE_SYS_STAT_H 1
| #define HAVE_STDLIB_H 1
| #define HAVE_STRING_H 1
| #define HAVE_MEMORY_H 1
| #define HAVE_STRINGS_H 1
| #define HAVE_INTTYPES_H 1
| #define HAVE_STDINT_H 1
| #define HAVE_UNISTD_H 1
| #define HAVE_DLFCN_H 1
| #define ANTLR3_USE_64BIT 1
| #define HAVE_SYS_TYPES_H 1
| #define HAVE_NETINET_IN_H 1
| #define HAVE_ARPA_NAMESER_H 1
| #define HAVE_NETDB_H 1
| #define HAVE_RESOLV_H 1
| #define HAVE_MALLOC_H 1
| #define HAVE_STDARG_H 1
| #define HAVE_SYS_STAT_H 1
| #define HAVE_CTYPE_H 1
| #define HAVE_NETINET_TCP_H 1
| #define HAVE_SYS_SOCKET_H 1
| /* end confdefs.h.  */
| #include <stdio.h>
| #ifdef HAVE_SYS_TYPES_H
| # include <sys/types.h>
| #endif
| #ifdef HAVE_SYS_STAT_H
| # include <sys/stat.h>
| #endif
| #ifdef STDC_HEADERS
| # include <stdlib.h>
| # include <stddef.h>
| #else
| # ifdef HAVE_STDLIB_H
| #  include <stdlib.h>
| # endif
| #endif
| #ifdef HAVE_STRING_H
| # if !defined STDC_HEADERS && defined HAVE_MEMORY_H
| #  include <memory.h>
| # endif
| # include <string.h>
| #endif
| #ifdef HAVE_STRINGS_H
| # include <strings.h>
| #endif
| #ifdef HAVE_INTTYPES_H
| # include <inttypes.h>
| #endif
| #ifdef HAVE_STDINT_H
| # include <stdint.h>
| #endif
| #ifdef HAVE_UNISTD_H
| # include <unistd.h>
| #endif
| int
| main ()
| {
| static int test_array [1 - 2 * !((int64_t) ((((int64_t) 1 << (64 - 2)) - 1) * 2 + 1)
| 		 < (int64_t) ((((int64_t) 1 << (64 - 2)) - 1) * 2 + 2))];
| test_array [0] = 0
| 
|   ;
|   return 0;
| }
configure:21400: result: yes
configure:21413: checking for intptr_t
configure:21441: gcc -c -m64  -O2  -Wall  conftest.c >&5
configure:21448: $? = 0
configure:21475: gcc -c -m64  -O2  -Wall  conftest.c >&5
conftest.c: In function 'main':
conftest.c:69:23: error: expected expression before ')' token
 if (sizeof ((intptr_t)))
                       ^
configure:21482: $? = 1
configure: failed program was:
| /* confdefs.h.  */
| #define PACKAGE_NAME "libantlr3c"
| #define PACKAGE_TARNAME "libantlr3c"
| #define PACKAGE_VERSION "3.1.3"
| #define PACKAGE_STRING "libantlr3c 3.1.3"
| #define PACKAGE_BUGREPORT "jimi@idle.ws"
| #define PACKAGE "libantlr3c"
| #define VERSION "3.1.3"
| #define STDC_HEADERS 1
| #define HAVE_SYS_TYPES_H 1
| #define HAVE_SYS_STAT_H 1
| #define HAVE_STDLIB_H 1
| #define HAVE_STRING_H 1
| #define HAVE_MEMORY_H 1
| #define HAVE_STRINGS_H 1
| #define HAVE_INTTYPES_H 1
| #define HAVE_STDINT_H 1
| #define HAVE_UNISTD_H 1
| #define HAVE_DLFCN_H 1
| #define ANTLR3_USE_64BIT 1
| #define HAVE_SYS_TYPES_H 1
| #define HAVE_NETINET_IN_H 1
| #define HAVE_ARPA_NAMESER_H 1
| #define HAVE_NETDB_H 1
| #define HAVE_RESOLV_H 1
| #define HAVE_MALLOC_H 1
| #define HAVE_STDARG_H 1
| #define HAVE_SYS_STAT_H 1
| #define HAVE_CTYPE_H 1
| #define HAVE_NETINET_TCP_H 1
| #define HAVE_SYS_SOCKET_H 1
| /* end confdefs.h.  */
| #include <stdio.h>
| #ifdef HAVE_SYS_TYPES_H
| # include <sys/types.h>
| #endif
| #ifdef HAVE_SYS_STAT_H
| # include <sys/stat.h>
| #endif
| #ifdef STDC_HEADERS
| # include <stdlib.h>
| # include <stddef.h>
| #else
| # ifdef HAVE_STDLIB_H
| #  include <stdlib.h>
| # endif
| #endif
| #ifdef HAVE_STRING_H
| # if !defined STDC_HEADERS && defined HAVE_MEMORY_H
| #  include <memory.h>
| # endif
| # include <string.h>
| #endif
| #ifdef HAVE_STRINGS_H
| # include <strings.h>
| #endif
| #ifdef HAVE_INTTYPES_H
| # include <inttypes.h>
| #endif
| #ifdef HAVE_STDINT_H
| # include <stdint.h>
| #endif
| #ifdef HAVE_UNISTD_H
| # include <unistd.h>
| #endif
| int
| main ()
| {
| if (sizeof ((intptr_t)))
| 	  return 0;
|   ;
|   return 0;
| }
configure:21505: result: yes
configure:21570: checking for uint8_t
configure:21601: gcc -c -m64  -O2  -Wall  conftest.c >&5
conftest.c: In function 'main':
conftest.c:70:12: warning: variable 'test_array' set but not used [-Wunused-but-set-variable]
 static int test_array [1 - 2 * !((uint8_t) -1 >> (8 - 1) == 1)];
            ^~~~~~~~~~
configure:21608: $? = 0
configure:21629: result: yes
configure:21647: checking for uint16_t
configure:21678: gcc -c -m64  -O2  -Wall  conftest.c >&5
conftest.c: In function 'main':
conftest.c:70:12: warning: variable 'test_array' set but not used [-Wunused-but-set-variable]
 static int test_array [1 - 2 * !((uint16_t) -1 >> (16 - 1) == 1)];
            ^~~~~~~~~~
configure:21685: $? = 0
configure:21706: result: yes
configure:21720: checking for uint32_t
configure:21751: gcc -c -m64  -O2  -Wall  conftest.c >&5
conftest.c: In function 'main':
conftest.c:70:12: warning: variable 'test_array' set but not used [-Wunused-but-set-variable]
 static int test_array [1 - 2 * !((uint32_t) -1 >> (32 - 1) == 1)];
            ^~~~~~~~~~
configure:21758: $? = 0
configure:21779: result: yes
configure:21797: checking for uint64_t
configure:21828: gcc -c -m64  -O2  -Wall  conftest.c >&5
conftest.c: In function 'main':
conftest.c:70:12: warning: variable 'test_array' set but not used [-Wunused-but-set-variable]
 static int test_array [1 - 2 * !((uint64_t) -1 >> (64 - 1) == 1)];
            ^~~~~~~~~~
configure:21835: $? = 0
configure:21856: result: yes
configure:21874: checking for uintptr_t
configure:21902: gcc -c -m64  -O2  -Wall  conftest.c >&5
configure:21909: $? = 0
configure:21936: gcc -c -m64  -O2  -Wall  conftest.c >&5
conftest.c: In function 'main':
conftest.c:70:24: error: expected expression before ')' token
 if (sizeof ((uintptr_t)))
                        ^
configure:21943: $? = 1
configure: failed program was:
| /* confdefs.h.  */
| #define PACKAGE_NAME "libantlr3c"
| #define PACKAGE_TARNAME "libantlr3c"
| #define PACKAGE_VERSION "3.1.3"
| #define PACKAGE_STRING "libantlr3c 3.1.3"
| #define PACKAGE_BUGREPORT "jimi@idle.ws"
| #define PACKAGE "libantlr3c"
| #define VERSION "3.1.3"
| #define STDC_HEADERS 1
| #define HAVE_SYS_TYPES_H 1
| #define HAVE_SYS_STAT_H 1
| #define HAVE_STDLIB_H 1
| #define HAVE_STRING_H 1
| #define HAVE_MEMORY_H 1
| #define HAVE_STRINGS_H 1
| #define HAVE_INTTYPES_H 1
| #define HAVE_STDINT_H 1
| #define HAVE_UNISTD_H 1
| #define HAVE_DLFCN_H 1
| #define ANTLR3_USE_64BIT 1
| #define HAVE_SYS_TYPES_H 1
| #define HAVE_NETINET_IN_H 1
| #define HAVE_ARPA_NAMESER_H 1
| #define HAVE_NETDB_H 1
| #define HAVE_RESOLV_H 1
| #define HAVE_MALLOC_H 1
| #define HAVE_STDARG_H 1
| #define HAVE_SYS_STAT_H 1
| #define HAVE_CTYPE_H 1
| #define HAVE_NETINET_TCP_H 1
| #define HAVE_SYS_SOCKET_H 1
| #define HAVE_INTPTR_T 1
| /* end confdefs.h.  */
| #include <stdio.h>
| #ifdef HAVE_SYS_TYPES_H
| # include <sys/types.h>
| #endif
| #ifdef HAVE_SYS_STAT_H
| # include <sys/stat.h>
| #endif
| #ifdef STDC_HEADERS
| # include <stdlib.h>
| # include <stddef.h>
| #else
| # ifdef HAVE_STDLIB_H
| #  include <stdlib.h>
| # endif
| #endif
| #ifdef HAVE_STRING_H
| # if !defined STDC_HEADERS && defined HAVE_MEMORY_H
| #  include <memory.h>
| # endif
| # include <string.h>
| #endif
| #ifdef HAVE_STRINGS_H
| # include <strings.h>
| #endif
| #ifdef HAVE_INTTYPES_H
| # include <inttypes.h>
| #endif
| #ifdef HAVE_STDINT_H
| # include <stdint.h>
| #endif
| #ifdef HAVE_UNISTD_H
| # include <unistd.h>
| #endif
| int
| main ()
| {
| if (sizeof ((uintptr_t)))
| 	  return 0;
|   ;
|   return 0;
| }
configure:21966: result: yes
configure:22031: checking for inline
configure:22057: gcc -c -m64  -O2  -Wall  conftest.c >&5
configure:22064: $? = 0
configure:22082: result: inline
configure:22111: checking for memmove
configure:22167: gcc -o conftest -m64  -O2  -Wall   conftest.c  >&5
conftest.c:58:6: warning: conflicting types for built-in function 'memmove' [-Wbuiltin-declaration-mismatch]
 char memmove ();
      ^~~~~~~
configure:22174: $? = 0
configure:22196: result: yes
configure:22111: checking for memset
configure:22167: gcc -o conftest -m64  -O2  -Wall   conftest.c  >&5
conftest.c:59:6: warning: conflicting types for built-in function 'memset' [-Wbuiltin-declaration-mismatch]
 char memset ();
      ^~~~~~
configure:22174: $? = 0
configure:22196: result: yes
configure:22111: checking for strdup
configure:22167: gcc -o conftest -m64  -O2  -Wall   conftest.c  >&5
conftest.c:60:6: warning: conflicting types for built-in function 'strdup' [-Wbuiltin-declaration-mismatch]
 char strdup ();
      ^~~~~~
configure:22174: $? = 0
configure:22196: result: yes
configure:22111: checking for accept
configure:22167: gcc -o conftest -m64  -O2  -Wall   conftest.c  >&5
configure:22174: $? = 0
configure:22196: result: yes
configure:22343: creating ./config.status

## ---------------------- ##
## Running config.status. ##
## ---------------------- ##

This file was extended by libantlr3c config.status 3.1.3, which was
generated by GNU Autoconf 2.63.  Invocation command line was

  CONFIG_FILES    = 
  CONFIG_HEADERS  = 
  CONFIG_LINKS    = 
  CONFIG_COMMANDS = 
  $ ./config.status 

on Altair

config.status:818: creating Makefile
config.status:818: creating antlr3config.h
config.status:1040: antlr3config.h is unchanged
config.status:1092: executing depfiles commands

## ---------------- ##
## Cache variables. ##
## ---------------- ##

ac_cv_build=x86_64-unknown-linux-gnu
ac_cv_c_compiler_gnu=yes
ac_cv_c_const=yes
ac_cv_c_inline=inline
ac_cv_c_int16_t=yes
ac_cv_c_int32_t=yes
ac_cv_c_int64_t=yes
ac_cv_c_int8_t=yes
ac_cv_c_uint16_t=yes
ac_cv_c_uint32_t=yes
ac_cv_c_uint64_t=yes
ac_cv_c_uint8_t=yes
ac_cv_cxx_compiler_gnu=yes
ac_cv_env_CCC_set=
ac_cv_env_CCC_value=
ac_cv_env_CC_set=
ac_cv_env_CC_value=
ac_cv_env_CFLAGS_set=
ac_cv_env_CFLAGS_value=
ac_cv_env_CPPFLAGS_set=
ac_cv_env_CPPFLAGS_value=
ac_cv_env_CPP_set=
ac_cv_env_CPP_value=
ac_cv_env_CXXCPP_set=
ac_cv_env_CXXCPP_value=
ac_cv_env_CXXFLAGS_set=
ac_cv_env_CXXFLAGS_value=
ac_cv_env_CXX_set=
ac_cv_env_CXX_value=
ac_cv_env_F77_set=
ac_cv_env_F77_value=
ac_cv_env_FFLAGS_set=
ac_cv_env_FFLAGS_value=
ac_cv_env_LDFLAGS_set=
ac_cv_env_LDFLAGS_value=
ac_cv_env_LIBS_set=
ac_cv_env_LIBS_value=
ac_cv_env_build_alias_set=
ac_cv_env_build_alias_value=
ac_cv_env_host_alias_set=
ac_cv_env_host_alias_value=
ac_cv_env_target_alias_set=
ac_cv_env_target_alias_value=
ac_cv_f77_compiler_gnu=no
ac_cv_func_accept=yes
ac_cv_func_memmove=yes
ac_cv_func_memset=yes
ac_cv_func_strdup=yes
ac_cv_header_arpa_nameser_h=yes
ac_cv_header_ctype_h=yes
ac_cv_header_dlfcn_h=yes
ac_cv_header_inttypes_h=yes
ac_cv_header_malloc_h=yes
ac_cv_header_memory_h=yes
ac_cv_header_netdb_h=yes
ac_cv_header_netinet_in_h=yes
ac_cv_header_netinet_tcp_h=yes
ac_cv_header_resolv_h=yes
ac_cv_header_socket_h=no
ac_cv_header_stdarg_h=yes
ac_cv_header_stdc=yes
ac_cv_header_stdint_h=yes
ac_cv_header_stdlib_h=yes
ac_cv_header_string_h=yes
ac_cv_header_strings_h=yes
ac_cv_header_sys_malloc_h=no
ac_cv_header_sys_socket_h=yes
ac_cv_header_sys_stat_h=yes
ac_cv_header_sys_types_h=yes
ac_cv_header_unistd_h=yes
ac_cv_host=x86_64-unknown-linux-gnu
ac_cv_objext=o
ac_cv_path_EGREP='/bin/grep -E'
ac_cv_path_GREP=/bin/grep
ac_cv_path_install='/usr/bin/install -c'
ac_cv_path_mkdir=/bin/mkdir
ac_cv_prog_AWK=gawk
ac_cv_prog_CPP='gcc -E'
ac_cv_prog_CXXCPP='g++ -E'
ac_cv_prog_ac_ct_AR=ar
ac_cv_prog_ac_ct_CC=gcc
ac_cv_prog_ac_ct_CXX=g++
ac_cv_prog_ac_ct_RANLIB=ranlib
ac_cv_prog_ac_ct_STRIP=strip
ac_cv_prog_cc_c89=
ac_cv_prog_cc_g=yes
ac_cv_prog_cxx_g=yes
ac_cv_prog_f77_g=no
ac_cv_prog_make_make_set=yes
ac_cv_type_intptr_t=yes
ac_cv_type_size_t=yes
ac_cv_type_uintptr_t=yes
am_cv_CC_dependencies_compiler_type=gcc3
am_cv_CXX_dependencies_compiler_type=gcc3
lt_cv_deplibs_check_method=pass_all
lt_cv_file_magic_cmd='$MAGIC_CMD'
lt_cv_file_magic_test_file=
lt_cv_ld_reload_flag=-r
lt_cv_objdir=.libs
lt_cv_path_LD=/usr/bin/ld
lt_cv_path_LDCXX='/usr/bin/ld -m elf_x86_64'
lt_cv_path_NM='/usr/bin/nm -B'
lt_cv_path_SED=/bin/sed
lt_cv_prog_compiler_c_o=yes
lt_cv_prog_compiler_c_o_CXX=yes
lt_cv_prog_compiler_pic_works=yes
lt_cv_prog_compiler_pic_works_CXX=yes
lt_cv_prog_compiler_rtti_exceptions=no
lt_cv_prog_compiler_static_works=yes
lt_cv_prog_compiler_static_works_CXX=yes
lt_cv_prog_gnu_ld=yes
lt_cv_prog_gnu_ldcxx=yes
lt_cv_sys_global_symbol_pipe='sed -n -e '\''s/^.*[ 	]\([ABCDGIRSTW][ABCDGIRSTW]*\)[ 	][ 	]*\([_A-Za-z][_A-Za-z0-9]*\)$/\1 \2 \2/p'\'''
lt_cv_sys_global_symbol_to_c_name_address='sed -n -e '\''s/^: \([^ ]*\) $/  {\"\1\", (lt_ptr) 0},/p'\'' -e '\''s/^[BCDEGRST] \([^ ]*\) \([^ ]*\)$/  {"\2", (lt_ptr) \&\2},/p'\'''
lt_cv_sys_global_symbol_to_cdecl='sed -n -e '\''s/^. .* \(.*\)$/extern int \1;/p'\'''
lt_cv_sys_lib_dlsearch_path_spec='/lib64 /usr/lib64 /usr/lib/x86_64-linux-gnu/libfakeroot /usr/local/lib/i386-linux-gnu /lib/i386-linux-gnu /usr/lib/i386-linux-gnu /usr/local/lib/i686-linux-gnu /lib/i686-linux-gnu /usr/lib/i686-linux-gnu /usr/local/lib /usr/local/lib/x86_64-linux-gnu /lib/x86_64-linux-gnu /usr/lib/x86_64-linux-gnu '
lt_cv_sys_lib_search_path_spec='/usr/lib/gcc/x86_64-linux-gnu/7 /usr/lib/x86_64-linux-gnu /usr/lib /lib/x86_64-linux-gnu /lib'
lt_cv_sys_max_cmd_len=1572864
lt_lt_cv_prog_compiler_c_o='"yes"'
lt_lt_cv_prog_compiler_c_o_CXX='"yes"'
lt_lt_cv_sys_global_symbol_pipe='"sed -n -e '\''s/^.*[ 	]\\([ABCDGIRSTW][ABCDGIRSTW]*\\)[ 	][ 	]*\\([_A-Za-z][_A-Za-z0-9]*\\)\$/\\1 \\2 \\2/p'\''"'
lt_lt_cv_sys_global_symbol_to_c_name_address='"sed -n -e '\''s/^: \\([^ ]*\\) \$/  {\\\"\\1\\\", (lt_ptr) 0},/p'\'' -e '\''s/^[BCDEGRST] \\([^ ]*\\) \\([^ ]*\\)\$/  {\"\\2\", (lt_ptr) \\&\\2},/p'\''"'
lt_lt_cv_sys_global_symbol_to_cdecl='"sed -n -e '\''s/^. .* \\(.*\\)\$/extern int \\1;/p'\''"'

## ----------------- ##
## Output variables. ##
## ----------------- ##

ACLOCAL='${SHELL} /data/work/teaching/tesisti/roncuzzi/Antlr-C-/libantlr3c-3.1.3/missing --run aclocal-1.10'
AMDEPBACKSLASH='\'
AMDEP_FALSE='#'
AMDEP_TRUE=''
AMTAR='${SHELL} /data/work/teaching/tesisti/roncuzzi/Antlr-C-/libantlr3c-3.1.3/missing --run tar'
AR='ar'
AUTOCONF='${SHELL} /data/work/teaching/tesisti/roncuzzi/Antlr-C-/libantlr3c-3.1.3/missing --run autoconf'
AUTOHEADER='${SHELL} /data/work/teaching/tesisti/roncuzzi/Antlr-C-/libantlr3c-3.1.3/missing --run autoheader'
AUTOMAKE='${SHELL} /data/work/teaching/tesisti/roncuzzi/Antlr-C-/libantlr3c-3.1.3/missing --run automake-1.10'
AWK='gawk'
CC='gcc'
CCDEPMODE='depmode=gcc3'
CFLAGS='-m64  -O2  -Wall'
CPP='gcc -E'
CPPFLAGS=''
CXX='g++'
CXXCPP='g++ -E'
CXXDEPMODE='depmode=gcc3'
CXXFLAGS='-g -O2'
CYGPATH_W='echo'
DEFS='-DHAVE_CONFIG_H'
DEPDIR='.deps'
DSYMUTIL=''
ECHO='echo'
ECHO_C=''
ECHO_N='-n'
ECHO_T=''
EGREP='/bin/grep -E'
EXEEXT=''
F77=''
FFLAGS=''
GREP='/bin/grep'
INSTALL_DATA='${INSTALL} -m 644'
INSTALL_PROGRAM='${INSTALL}'
INSTALL_SCRIPT='${INSTALL}'
INSTALL_STRIP_PROGRAM='$(install_sh) -c -s'
LDFLAGS=''
LIBOBJS=''
LIBS=''
LIBTOOL='$(SHELL) $(top_builddir)/libtool'
LN_S='ln -s'
LTLIBOBJS=''
MAINT='#'
MAINTAINER_MODE_FALSE=''
MAINTAINER_MODE_TRUE='#'
MAKEINFO='${SHELL} /data/work/teaching/tesisti/roncuzzi/Antlr-C-/libantlr3c-3.1.3/missing --run makeinfo'
MKDIR_P='/bin/mkdir -p'
NMEDIT=''
OBJECT_MODE=''
OBJEXT='o'
PACKAGE='libantlr3c'
PACKAGE_BUGREPORT='jimi@idle.ws'
PACKAGE_NAME='libantlr3c'
PACKAGE_STRING='libantlr3c 3.1.3'
PACKAGE_TARNAME='libantlr3c'
PACKAGE_VERSION='3.1.3'
PATH_SEPARATOR=':'
RANLIB='ranlib'
SED='/bin/sed'
SET_MAKE=''
SHELL='/bin/bash'
STRIP='strip'
VERSION='3.1.3'
ac_ct_CC='gcc'
ac_ct_CXX='g++'
ac_ct_F77=''
am__fastdepCC_FALSE='#'
am__fastdepCC_TRUE=''
am__fastdepCXX_FALSE='#'
am__fastdepCXX_TRUE=''
am__include='include'
am__isrc=''
am__leading_dot='.'
am__quote=''
am__tar='${AMTAR} chof - "$$tardir"'
am__untar='${AMTAR} xf -'
bindir='${exec_prefix}/bin'
build='x86_64-unknown-linux-gnu'
build_alias=''
build_cpu='x86_64'
build_os='linux-gnu'
build_vendor='unknown'
datadir='${datarootdir}'
datarootdir='${prefix}/share'
docdir='${datarootdir}/doc/${PACKAGE_TARNAME}'
dvidir='${docdir}'
exec_prefix='${prefix}'
host='x86_64-unknown-linux-gnu'
host_alias=''
host_cpu='x86_64'
host_os='linux-gnu'
host_vendor='unknown'
htmldir='${docdir}'
includedir='${prefix}/include'
infodir='${datarootdir}/info'
install_sh='$(SHELL) /data/work/teaching/tesisti/roncuzzi/Antlr-C-/libantlr3c-3.1.3/install-sh'
libdir='${exec_prefix}/lib'
libexecdir='${exec_prefix}/libexec'
localedir='${datarootdir}/locale'
localstatedir='${prefix}/var'
mandir='${datarootdir}/man'
mkdir_p='/bin/mkdir -p'
oldincludedir='/usr/include'
pdfdir='${docdir}'
prefix='/usr/local'
program_transform_name='s,x,x,'
psdir='${docdir}'
sbindir='${exec_prefix}/sbin'
sharedstatedir='${prefix}/com'
sysconfdir='${prefix}/etc'
target_alias=''

## ----------- ##
## confdefs.h. ##
## ----------- ##

#define PACKAGE_NAME "libantlr3c"
#define PACKAGE_TARNAME "libantlr3c"
#define PACKAGE_VERSION "3.1.3"
#define PACKAGE_STRING "libantlr3c 3.1.3"
#define PACKAGE_BUGREPORT "jimi@idle.ws"
#define PACKAGE "libantlr3c"
#define VERSION "3.1.3"
#define STDC_HEADERS 1
#define HAVE_SYS_TYPES_H 1
#define HAVE_SYS_STAT_H 1
#define HAVE_STDLIB_H 1
#define HAVE_STRING_H 1
#define HAVE_MEMORY_H 1
#define HAVE_STRINGS_H 1
#define HAVE_INTTYPES_H 1
#define HAVE_STDINT_H 1
#define HAVE_UNISTD_H 1
#define HAVE_DLFCN_H 1
#define ANTLR3_USE_64BIT 1
#define HAVE_SYS_TYPES_H 1
#define HAVE_NETINET_IN_H 1
#define HAVE_ARPA_NAMESER_H 1
#define HAVE_NETDB_H 1
#define HAVE_RESOLV_H 1
#define HAVE_MALLOC_H 1
#define HAVE_STDARG_H 1
#define HAVE_SYS_STAT_H 1
#define HAVE_CTYPE_H 1
#define HAVE_NETINET_TCP_H 1
#define HAVE_SYS_SOCKET_H 1
#define HAVE_INTPTR_T 1
#define HAVE_UINTPTR_T 1
#define HAVE_MEMMOVE 1
#define HAVE_MEMSET 1
#define HAVE_STRDUP 1
#define HAVE_ACCEPT 1

configure: exit 0
